Using pre-set license
Built from '2022.3/release' branch; Version is '2022.3.5f1 (9674261d40ee) revision 9860134'; Using compiler version '192829333'; Build Type 'Release'
OS: 'Windows 11  (10.0.22631) 64bit Professional' Language: 'es' Physical Memory: 16309 MB
BatchMode: 1, IsHumanControllingUs: 0, StartBugReporterOnCrash: 0, Is64bit: 1, IsPro: 1

COMMAND LINE ARGUMENTS:
C:\Program Files\Unity\Hub\Editor\2022.3.5f1\Editor\Unity.exe
-adb2
-batchMode
-noUpm
-name
AssetImportWorker3
-projectPath
C:/Users/NewCh/Documents/Lochandes/Unity/TDAH
-logFile
Logs/AssetImportWorker3.log
-srvPort
50771
Successfully changed project path to: C:/Users/NewCh/Documents/Lochandes/Unity/TDAH
C:/Users/NewCh/Documents/Lochandes/Unity/TDAH
[UnityMemory] Configuration Parameters - Can be set up in boot.config
    "memorysetup-bucket-allocator-granularity=16"
    "memorysetup-bucket-allocator-bucket-count=8"
    "memorysetup-bucket-allocator-block-size=33554432"
    "memorysetup-bucket-allocator-block-count=8"
    "memorysetup-main-allocator-block-size=16777216"
    "memorysetup-thread-allocator-block-size=16777216"
    "memorysetup-gfx-main-allocator-block-size=16777216"
    "memorysetup-gfx-thread-allocator-block-size=16777216"
    "memorysetup-cache-allocator-block-size=4194304"
    "memorysetup-typetree-allocator-block-size=2097152"
    "memorysetup-profiler-bucket-allocator-granularity=16"
    "memorysetup-profiler-bucket-allocator-bucket-count=8"
    "memorysetup-profiler-bucket-allocator-block-size=33554432"
    "memorysetup-profiler-bucket-allocator-block-count=8"
    "memorysetup-profiler-allocator-block-size=16777216"
    "memorysetup-profiler-editor-allocator-block-size=1048576"
    "memorysetup-temp-allocator-size-main=16777216"
    "memorysetup-job-temp-allocator-block-size=2097152"
    "memorysetup-job-temp-allocator-block-size-background=1048576"
    "memorysetup-job-temp-allocator-reduction-small-platforms=262144"
    "memorysetup-allocator-temp-initial-block-size-main=262144"
    "memorysetup-allocator-temp-initial-block-size-worker=262144"
    "memorysetup-temp-allocator-size-background-worker=32768"
    "memorysetup-temp-allocator-size-job-worker=262144"
    "memorysetup-temp-allocator-size-preload-manager=33554432"
    "memorysetup-temp-allocator-size-nav-mesh-worker=65536"
    "memorysetup-temp-allocator-size-audio-worker=65536"
    "memorysetup-temp-allocator-size-cloud-worker=32768"
    "memorysetup-temp-allocator-size-gi-baking-worker=262144"
    "memorysetup-temp-allocator-size-gfx=262144"
Player connection [18956] Host "[IP] 192.168.0.106 [Port] 0 [Flags] 2 [Guid] 1141736244 [EditorId] 1141736244 [Version] 1048832 [Id] WindowsEditor(7,ProjectMbappé) [Debug] 1 [PackageName] WindowsEditor [ProjectName] Editor" joined multi-casting on [225.0.0.222:54997]...

Player connection [18956] Host "[IP] 192.168.0.106 [Port] 0 [Flags] 2 [Guid] 1141736244 [EditorId] 1141736244 [Version] 1048832 [Id] WindowsEditor(7,ProjectMbappé) [Debug] 1 [PackageName] WindowsEditor [ProjectName] Editor" joined alternative multi-casting on [225.0.0.222:34997]...

Refreshing native plugins compatible for Editor in 34.10 ms, found 17 plugins.
Preloading 0 native plugins for Editor in 0.00 ms.
Initialize engine version: 2022.3.5f1 (9674261d40ee)
[Subsystems] Discovering subsystems at path C:/Program Files/Unity/Hub/Editor/2022.3.5f1/Editor/Data/Resources/UnitySubsystems
[Subsystems] Discovering subsystems at path C:/Users/NewCh/Documents/Lochandes/Unity/TDAH/Assets
GfxDevice: creating device client; threaded=0; jobified=0
Direct3D:
    Version:  Direct3D 11.0 [level 11.1]
    Renderer: NVIDIA GeForce RTX 4060 (ID=0x2882)
    Vendor:   NVIDIA
    VRAM:     7957 MB
    Driver:   32.0.15.5585
Initialize mono
Mono path[0] = 'C:/Program Files/Unity/Hub/Editor/2022.3.5f1/Editor/Data/Managed'
Mono path[1] = 'C:/Program Files/Unity/Hub/Editor/2022.3.5f1/Editor/Data/MonoBleedingEdge/lib/mono/unityjit-win32'
Mono config path = 'C:/Program Files/Unity/Hub/Editor/2022.3.5f1/Editor/Data/MonoBleedingEdge/etc'
Using monoOptions --debugger-agent=transport=dt_socket,embedding=1,server=y,suspend=n,address=127.0.0.1:56772
Begin MonoManager ReloadAssembly
Registering precompiled unity dll's ...
Register platform support module: C:/Program Files/Unity/Hub/Editor/2022.3.5f1/Editor/Data/PlaybackEngines/WindowsStandaloneSupport/UnityEditor.WindowsStandalone.Extensions.dll
Register platform support module: C:/Program Files/Unity/Hub/Editor/2022.3.5f1/Editor/Data/PlaybackEngines/MetroSupport/UnityEditor.UWP.Extensions.dll
Registered in 0.010330 seconds.
- Loaded All Assemblies, in  0.400 seconds
Native extension for UWP target not found
Native extension for WindowsStandalone target not found
Mono: successfully reloaded assembly
- Finished resetting the current domain, in  0.305 seconds
Domain Reload Profiling: 703ms
	BeginReloadAssembly (103ms)
		ExecutionOrderSort (0ms)
		DisableScriptedObjects (0ms)
		BackupInstance (0ms)
		ReleaseScriptingObjects (0ms)
		CreateAndSetChildDomain (1ms)
	RebuildCommonClasses (41ms)
	RebuildNativeTypeToScriptingClass (14ms)
	initialDomainReloadingComplete (73ms)
	LoadAllAssembliesAndSetupDomain (167ms)
		LoadAssemblies (100ms)
		RebuildTransferFunctionScriptingTraits (0ms)
		AnalyzeDomain (159ms)
			TypeCache.Refresh (158ms)
				TypeCache.ScanAssembly (144ms)
			ScanForSourceGeneratedMonoScriptInfo (0ms)
			ResolveRequiredComponents (1ms)
	FinalizeReload (305ms)
		ReleaseScriptCaches (0ms)
		RebuildScriptCaches (0ms)
		SetupLoadedEditorAssemblies (240ms)
			LogAssemblyErrors (0ms)
			InitializePlatformSupportModulesInManaged (12ms)
			SetLoadedEditorAssemblies (6ms)
			RefreshPlugins (0ms)
			BeforeProcessingInitializeOnLoad (3ms)
			ProcessInitializeOnLoadAttributes (163ms)
			ProcessInitializeOnLoadMethodAttributes (56ms)
			AfterProcessingInitializeOnLoad (0ms)
			EditorAssembliesLoaded (0ms)
		ExecutionOrderSort2 (0ms)
		AwakeInstancesAfterBackupRestoration (0ms)
========================================================================
Worker process is ready to serve import requests
Begin MonoManager ReloadAssembly
Symbol file LoadedFromMemory doesn't match image C:\Users\NewCh\Documents\Lochandes\Unity\TDAH\Library\PackageCache\com.unity.visualscripting@1.8.0\Editor\VisualScripting.Core\Dependencies\YamlDotNet\Unity.VisualScripting.YamlDotNet.dll
Symbol file LoadedFromMemory doesn't match image C:\Users\NewCh\Documents\Lochandes\Unity\TDAH\Library\PackageCache\com.unity.visualscripting@1.8.0\Editor\VisualScripting.Core\Dependencies\DotNetZip\Unity.VisualScripting.IonicZip.dll
- Loaded All Assemblies, in  0.966 seconds
Refreshing native plugins compatible for Editor in 19.67 ms, found 17 plugins.
Native extension for UWP target not found
Native extension for WindowsStandalone target not found
Package Manager log level set to [2]
[Package Manager] Server::EnsureServerProcessIsRunning -- launch failed, reason: Unity was launched with the -noUpm command-line argument
[Package Manager] UpmClient::Send -- Unable to send message (not connected to UPM process).
[Package Manager] Cannot connect to Unity Package Manager local server
[Package Manager] Server::EnsureServerProcessIsRunning -- launch failed, reason: Unity was launched with the -noUpm command-line argument
[Package Manager] UpmClient::Send -- Unable to send message (not connected to UPM process).
[Package Manager] Cannot connect to Unity Package Manager local server
Mono: successfully reloaded assembly
[Package Manager] Server::EnsureServerProcessIsRunning -- launch failed, reason: Unity was launched with the -noUpm command-line argument
[Package Manager] UpmClient::Send -- Unable to send message (not connected to UPM process).
[Package Manager] Cannot connect to Unity Package Manager local server
[Package Manager] Server::EnsureServerProcessIsRunning -- launch failed, reason: Unity was launched with the -noUpm command-line argument
[Package Manager] UpmClient::Send -- Unable to send message (not connected to UPM process).
[Package Manager] Cannot connect to Unity Package Manager local server
- Finished resetting the current domain, in  0.826 seconds
Domain Reload Profiling: 1787ms
	BeginReloadAssembly (147ms)
		ExecutionOrderSort (0ms)
		DisableScriptedObjects (7ms)
		BackupInstance (0ms)
		ReleaseScriptingObjects (0ms)
		CreateAndSetChildDomain (22ms)
	RebuildCommonClasses (42ms)
	RebuildNativeTypeToScriptingClass (12ms)
	initialDomainReloadingComplete (54ms)
	LoadAllAssembliesAndSetupDomain (705ms)
		LoadAssemblies (360ms)
		RebuildTransferFunctionScriptingTraits (0ms)
		AnalyzeDomain (412ms)
			TypeCache.Refresh (361ms)
				TypeCache.ScanAssembly (343ms)
			ScanForSourceGeneratedMonoScriptInfo (38ms)
			ResolveRequiredComponents (12ms)
	FinalizeReload (826ms)
		ReleaseScriptCaches (0ms)
		RebuildScriptCaches (0ms)
		SetupLoadedEditorAssemblies (623ms)
			LogAssemblyErrors (0ms)
			InitializePlatformSupportModulesInManaged (8ms)
			SetLoadedEditorAssemblies (4ms)
			RefreshPlugins (0ms)
			BeforeProcessingInitializeOnLoad (104ms)
			ProcessInitializeOnLoadAttributes (411ms)
			ProcessInitializeOnLoadMethodAttributes (87ms)
			AfterProcessingInitializeOnLoad (8ms)
			EditorAssembliesLoaded (0ms)
		ExecutionOrderSort2 (0ms)
		AwakeInstancesAfterBackupRestoration (7ms)
Launched and connected shader compiler UnityShaderCompiler.exe after 0.09 seconds
Refreshing native plugins compatible for Editor in 22.82 ms, found 17 plugins.
Preloading 0 native plugins for Editor in 0.00 ms.
Unloading 5470 Unused Serialized files (Serialized files now loaded: 0)
Unloading 101 unused Assets / (1.3 MB). Loaded Objects now: 5945.
Memory consumption went from 192.7 MB to 191.4 MB.
Total: 5.978100 ms (FindLiveObjects: 0.569600 ms CreateObjectMapping: 0.226600 ms MarkObjects: 4.290000 ms  DeleteObjects: 0.890600 ms)

AssetImportParameters requested are different than current active one (requested -> active):
  custom:container-demuxer-ogg: 62fdf1f143b41e24485cea50d1cbac27 -> 
  custom:video-decoder-ogg-theora: a1e56fd34408186e4bbccfd4996cb3dc -> 
  custom:framework-win-MediaFoundation: 216162199b28c13a410421893ffa2e32 -> 
  custom:scripting/monoscript/fileName/NewBehaviourScript.cs: b21687ddb03d73bd9f0c1daecb9714de -> 
  custom:CustomObjectIndexerAttribute: 756ad292c208cfabdd7b50bc23989ffe -> 
  custom:container-demuxer-webm: 4f35f7cbe854078d1ac9338744f61a02 -> 
  custom:container-muxer-webm: aa71ff27fc2769a1b78a27578f13a17b -> 
  custom:video-decoder-webm-vp8: 9c59270c3fd7afecdb556c50c9e8de78 -> 
  custom:AudioImporter_EditorPlatform: d09bf68614088b80899f8185d706f6e7 -> 
  custom:video-encoder-webm-vp8: eb34c28f22e8b96e1ab97ce403110664 -> 
  custom:audio-decoder-ogg-vorbis: bf7c407c2cedff20999df2af8eb42d56 -> 
  custom:audio-encoder-webm-vorbis: bf7c407c2cedff20999df2af8eb42d56 -> 
========================================================================
Received Import Request.
  Time since last request: 10051.353637 seconds.
  path: Packages/org.mixedrealitytoolkit.uxcomponents/Button/Prefabs/PressableButton_Custom_Cube.prefab
  artifactKey: Guid(05b6a9dff71e6224982f4d56166f710f) Importer(815301076,1909f56bfc062723c751e8b465ee728b)
Start importing Packages/org.mixedrealitytoolkit.uxcomponents/Button/Prefabs/PressableButton_Custom_Cube.prefab using Guid(05b6a9dff71e6224982f4d56166f710f) Importer(815301076,1909f56bfc062723c751e8b465ee728b)  -> (artifact id: 'e58bdc9a5c24e1c76dda330f1fcb2c3f') in 0.258409 seconds
Number of updated asset objects reloaded before import = 0
Number of asset objects unloaded after import = 19
========================================================================
Received Import Request.
  Time since last request: 65.861437 seconds.
  path: Packages/org.mixedrealitytoolkit.accessibility/MRTK.Accessibility.asmdef
  artifactKey: Guid(66625732e513f084089973138678940d) Importer(815301076,1909f56bfc062723c751e8b465ee728b)
Start importing Packages/org.mixedrealitytoolkit.accessibility/MRTK.Accessibility.asmdef using Guid(66625732e513f084089973138678940d) Importer(815301076,1909f56bfc062723c751e8b465ee728b)  -> (artifact id: '4d5ab5d7501053f8914a3cab24c03422') in 0.000847 seconds
Number of updated asset objects reloaded before import = 0
Number of asset objects unloaded after import = 0
========================================================================
Received Import Request.
  Time since last request: 0.004476 seconds.
  path: Packages/org.mixedrealitytoolkit.accessibility/Editor/MRTK.Accessibility.Editor.asmdef
  artifactKey: Guid(90a10a27216dca74faf88212208af4dd) Importer(815301076,1909f56bfc062723c751e8b465ee728b)
Start importing Packages/org.mixedrealitytoolkit.accessibility/Editor/MRTK.Accessibility.Editor.asmdef using Guid(90a10a27216dca74faf88212208af4dd) Importer(815301076,1909f56bfc062723c751e8b465ee728b)  -> (artifact id: '9122b61e4e816f56cfe497d9b59522ab') in 0.000786 seconds
Number of updated asset objects reloaded before import = 0
Number of asset objects unloaded after import = 0
========================================================================
Received Import Request.
  Time since last request: 0.004125 seconds.
  path: Packages/org.mixedrealitytoolkit.accessibility/Tests/Editor/MRTK.Accessibility.EditorTests.asmdef
  artifactKey: Guid(e6dba42e775d85443bd8e2ccf7a7bfb8) Importer(815301076,1909f56bfc062723c751e8b465ee728b)
Start importing Packages/org.mixedrealitytoolkit.accessibility/Tests/Editor/MRTK.Accessibility.EditorTests.asmdef using Guid(e6dba42e775d85443bd8e2ccf7a7bfb8) Importer(815301076,1909f56bfc062723c751e8b465ee728b)  -> (artifact id: 'bc6d0a99ac26462a01a7c0ba9300898d') in 0.001195 seconds
Number of updated asset objects reloaded before import = 0
Number of asset objects unloaded after import = 0
========================================================================
Received Import Request.
  Time since last request: 0.005111 seconds.
  path: Packages/org.mixedrealitytoolkit.accessibility/Tests/Runtime/MRTK.Accessibility.RuntimeTests.asmdef
  artifactKey: Guid(2bd4ef6f46cde464fb08d029828f5b88) Importer(815301076,1909f56bfc062723c751e8b465ee728b)
Start importing Packages/org.mixedrealitytoolkit.accessibility/Tests/Runtime/MRTK.Accessibility.RuntimeTests.asmdef using Guid(2bd4ef6f46cde464fb08d029828f5b88) Importer(815301076,1909f56bfc062723c751e8b465ee728b)  -> (artifact id: '1da37f6f1c17d300d2c2479da9c2c9a1') in 0.000790 seconds
Number of updated asset objects reloaded before import = 0
Number of asset objects unloaded after import = 0
========================================================================
Received Import Request.
  Time since last request: 0.003285 seconds.
  path: Packages/org.mixedrealitytoolkit.audio/MRTK.Audio.asmdef
  artifactKey: Guid(92d5f0fa22a932e4f9918ff412e6b836) Importer(815301076,1909f56bfc062723c751e8b465ee728b)
Start importing Packages/org.mixedrealitytoolkit.audio/MRTK.Audio.asmdef using Guid(92d5f0fa22a932e4f9918ff412e6b836) Importer(815301076,1909f56bfc062723c751e8b465ee728b)  -> (artifact id: 'b707a58c11a31236336bbe8bb10af7ec') in 0.000932 seconds
Number of updated asset objects reloaded before import = 0
Number of asset objects unloaded after import = 0
========================================================================
Received Import Request.
  Time since last request: 1.210593 seconds.
  path: Packages/org.mixedrealitytoolkit.standardassets/Materials/CompressedButtonMaterial/MRTK_Backplate_06mm_Gradient.mat
  artifactKey: Guid(ca0ca42927acfb54cb91904cb8bbb24c) Importer(815301076,1909f56bfc062723c751e8b465ee728b)
Start importing Packages/org.mixedrealitytoolkit.standardassets/Materials/CompressedButtonMaterial/MRTK_Backplate_06mm_Gradient.mat using Guid(ca0ca42927acfb54cb91904cb8bbb24c) Importer(815301076,1909f56bfc062723c751e8b465ee728b)  -> (artifact id: 'fcb6dc2eaf12e4431ee1180db1c40765') in 0.080961 seconds
Number of updated asset objects reloaded before import = 0
Number of asset objects unloaded after import = 2
========================================================================
Received Import Request.
  Time since last request: 0.000080 seconds.
  path: Packages/org.mixedrealitytoolkit.standardassets/Materials/CompressedButtonMaterial/MRTK_Backplate_12mm_Gradient.mat
  artifactKey: Guid(337c6305e0165274582902976fb0141c) Importer(815301076,1909f56bfc062723c751e8b465ee728b)
Start importing Packages/org.mixedrealitytoolkit.standardassets/Materials/CompressedButtonMaterial/MRTK_Backplate_12mm_Gradient.mat using Guid(337c6305e0165274582902976fb0141c) Importer(815301076,1909f56bfc062723c751e8b465ee728b)  -> (artifact id: 'ab6a1e3404032c7c95f1cdbc21d37e6a') in 0.025422 seconds
Number of updated asset objects reloaded before import = 0
Number of asset objects unloaded after import = 2
========================================================================
Received Import Request.
  Time since last request: 0.000036 seconds.
  path: Packages/org.mixedrealitytoolkit.standardassets/Materials/CompressedButtonMaterial/MRTK_Backplate_10mm_Gradient_NoOutline.mat
  artifactKey: Guid(54843790dbfd3094faecc723cef1a846) Importer(815301076,1909f56bfc062723c751e8b465ee728b)
Start importing Packages/org.mixedrealitytoolkit.standardassets/Materials/CompressedButtonMaterial/MRTK_Backplate_10mm_Gradient_NoOutline.mat using Guid(54843790dbfd3094faecc723cef1a846) Importer(815301076,1909f56bfc062723c751e8b465ee728b)  -> (artifact id: '195de3deb58a4369d3457cac1ed7e369') in 0.103668 seconds
Number of updated asset objects reloaded before import = 0
Number of asset objects unloaded after import = 2
========================================================================
Received Import Request.
  Time since last request: 0.031755 seconds.
  path: Packages/org.mixedrealitytoolkit.standardassets/Materials/CompressedButtonMaterial/MRTK_Backplate_13mm_Gradient.mat
  artifactKey: Guid(f32fb793f8a4656469db1040ccf2cffb) Importer(815301076,1909f56bfc062723c751e8b465ee728b)
Start importing Packages/org.mixedrealitytoolkit.standardassets/Materials/CompressedButtonMaterial/MRTK_Backplate_13mm_Gradient.mat using Guid(f32fb793f8a4656469db1040ccf2cffb) Importer(815301076,1909f56bfc062723c751e8b465ee728b)  -> (artifact id: '0d6291353ab7222dcc8a24a1e65e114f') in 0.021746 seconds
Number of updated asset objects reloaded before import = 0
Number of asset objects unloaded after import = 2
========================================================================
Received Import Request.
  Time since last request: 0.012409 seconds.
  path: Packages/org.mixedrealitytoolkit.standardassets/Materials/CompressedButtonMaterial/MRTK_Backplate_InnerQuad_Circular.mat
  artifactKey: Guid(edcd7c74a5fcb1e4cb477a62e8ad276e) Importer(815301076,1909f56bfc062723c751e8b465ee728b)
Start importing Packages/org.mixedrealitytoolkit.standardassets/Materials/CompressedButtonMaterial/MRTK_Backplate_InnerQuad_Circular.mat using Guid(edcd7c74a5fcb1e4cb477a62e8ad276e) Importer(815301076,1909f56bfc062723c751e8b465ee728b)  -> (artifact id: 'e4d4eb7cd944ea085ed19ccaa640bf9f') in 0.050982 seconds
Number of updated asset objects reloaded before import = 0
Number of asset objects unloaded after import = 1
========================================================================
Received Import Request.
  Time since last request: 0.000025 seconds.
  path: Packages/org.mixedrealitytoolkit.standardassets/Materials/CompressedButtonMaterial/MRTK_Backplate_QuadGlow_Circular.mat
  artifactKey: Guid(ad348facc7af0d64b9557bdfcbcd29d6) Importer(815301076,1909f56bfc062723c751e8b465ee728b)
Start importing Packages/org.mixedrealitytoolkit.standardassets/Materials/CompressedButtonMaterial/MRTK_Backplate_QuadGlow_Circular.mat using Guid(ad348facc7af0d64b9557bdfcbcd29d6) Importer(815301076,1909f56bfc062723c751e8b465ee728b)  -> (artifact id: 'd34570fd224b1aa8ebf0803ed9d89903') in 0.082849 seconds
Number of updated asset objects reloaded before import = 0
Number of asset objects unloaded after import = 1
========================================================================
Received Import Request.
  Time since last request: 0.000031 seconds.
  path: Packages/org.mixedrealitytoolkit.standardassets/Materials/CompressedButtonMaterial/MRTK_Backplate_QuadGlow.mat
  artifactKey: Guid(13e97f0307ba0be4ab4e19d00e2f921e) Importer(815301076,1909f56bfc062723c751e8b465ee728b)
Start importing Packages/org.mixedrealitytoolkit.standardassets/Materials/CompressedButtonMaterial/MRTK_Backplate_QuadGlow.mat using Guid(13e97f0307ba0be4ab4e19d00e2f921e) Importer(815301076,1909f56bfc062723c751e8b465ee728b)  -> (artifact id: '6aa6394242832c9f7186f5e03a6f6ce5') in 0.021175 seconds
Number of updated asset objects reloaded before import = 0
Number of asset objects unloaded after import = 1
========================================================================
Received Import Request.
  Time since last request: 0.000024 seconds.
  path: Packages/org.mixedrealitytoolkit.standardassets/Prefabs/MRTK_BoundingBox_ScaleHandle.prefab
  artifactKey: Guid(adecf6c468a401a4880321590db18ac3) Importer(815301076,1909f56bfc062723c751e8b465ee728b)
Start importing Packages/org.mixedrealitytoolkit.standardassets/Prefabs/MRTK_BoundingBox_ScaleHandle.prefab using Guid(adecf6c468a401a4880321590db18ac3) Importer(815301076,1909f56bfc062723c751e8b465ee728b)  -> (artifact id: 'a4ebc3799e40cca53e90eace31c274f0') in 0.019125 seconds
Number of updated asset objects reloaded before import = 0
Number of asset objects unloaded after import = 8
========================================================================
Received Import Request.
  Time since last request: 0.000019 seconds.
  path: Packages/org.mixedrealitytoolkit.standardassets/Models/MRTK_BoundingBox_ScaleHandle.fbx
  artifactKey: Guid(0989b5f23ddbb124b92edd40ddd6f326) Importer(815301076,1909f56bfc062723c751e8b465ee728b)
Start importing Packages/org.mixedrealitytoolkit.standardassets/Models/MRTK_BoundingBox_ScaleHandle.fbx using Guid(0989b5f23ddbb124b92edd40ddd6f326) Importer(815301076,1909f56bfc062723c751e8b465ee728b)  -> (artifact id: '0d78d3dc91db78266d7761e363aa8282') in 0.062808 seconds
Number of updated asset objects reloaded before import = 0
Number of asset objects unloaded after import = 7
========================================================================
Received Import Request.
  Time since last request: 2.090612 seconds.
  path: Packages/org.mixedrealitytoolkit.standardassets/Models/MRTK_BoundingBox_TranslateHandle.fbx
  artifactKey: Guid(6241bb4be90fdb446815078d56b9111f) Importer(815301076,1909f56bfc062723c751e8b465ee728b)
Start importing Packages/org.mixedrealitytoolkit.standardassets/Models/MRTK_BoundingBox_TranslateHandle.fbx using Guid(6241bb4be90fdb446815078d56b9111f) Importer(815301076,1909f56bfc062723c751e8b465ee728b)  -> (artifact id: '5f5ede16310dbb5d92fd12973d5fb193') in 0.022253 seconds
Number of updated asset objects reloaded before import = 0
Number of asset objects unloaded after import = 7
========================================================================
Received Import Request.
  Time since last request: 0.025101 seconds.
  path: Packages/org.mixedrealitytoolkit.standardassets/Materials/CompressedButtonMaterial/MRTK_ButtonBackplateHighlightGlow_32mm_Circular.mat
  artifactKey: Guid(9bbf915647f6de74ca3799bd504483b4) Importer(815301076,1909f56bfc062723c751e8b465ee728b)
Start importing Packages/org.mixedrealitytoolkit.standardassets/Materials/CompressedButtonMaterial/MRTK_ButtonBackplateHighlightGlow_32mm_Circular.mat using Guid(9bbf915647f6de74ca3799bd504483b4) Importer(815301076,1909f56bfc062723c751e8b465ee728b)  -> (artifact id: 'a7363c79c15f971201d4d7d4abb10964') in 0.015476 seconds
Number of updated asset objects reloaded before import = 0
Number of asset objects unloaded after import = 1
========================================================================
Received Import Request.
  Time since last request: 0.582501 seconds.
  path: Packages/org.mixedrealitytoolkit.standardassets/Materials/CompressedButtonMaterial/MRTK_ButtonFrontplateHighlight_32mm.mat
  artifactKey: Guid(f6298bbad646d6847986f9c0042092e7) Importer(815301076,1909f56bfc062723c751e8b465ee728b)
Start importing Packages/org.mixedrealitytoolkit.standardassets/Materials/CompressedButtonMaterial/MRTK_ButtonFrontplateHighlight_32mm.mat using Guid(f6298bbad646d6847986f9c0042092e7) Importer(815301076,1909f56bfc062723c751e8b465ee728b)  -> (artifact id: 'cc2f7f9ba29bc6fd3279c5d40920fc9a') in 0.019873 seconds
Number of updated asset objects reloaded before import = 0
Number of asset objects unloaded after import = 2
========================================================================
Received Import Request.
  Time since last request: 0.020691 seconds.
  path: Packages/org.mixedrealitytoolkit.standardassets/Audio/HoloLens2/MRTK_ButtonPress.wav
  artifactKey: Guid(3e4887b6014c9e04290e816ac261a414) Importer(815301076,1909f56bfc062723c751e8b465ee728b)
Start importing Packages/org.mixedrealitytoolkit.standardassets/Audio/HoloLens2/MRTK_ButtonPress.wav using Guid(3e4887b6014c9e04290e816ac261a414) Importer(815301076,1909f56bfc062723c751e8b465ee728b)  -> (artifact id: '084dcd2550e91af4305a745c0d472425') in 0.028391 seconds
Number of updated asset objects reloaded before import = 0
Number of asset objects unloaded after import = 2
========================================================================
Received Import Request.
  Time since last request: 0.002652 seconds.
  path: Packages/org.mixedrealitytoolkit.standardassets/Materials/HandRays/MRTK_DefaultRay.mat
  artifactKey: Guid(f00a9d40790cdc54aa52c7d81ad923f3) Importer(815301076,1909f56bfc062723c751e8b465ee728b)
Start importing Packages/org.mixedrealitytoolkit.standardassets/Materials/HandRays/MRTK_DefaultRay.mat using Guid(f00a9d40790cdc54aa52c7d81ad923f3) Importer(815301076,1909f56bfc062723c751e8b465ee728b)  -> (artifact id: '1ed44b5480240a5bfc94ab4594592347') in 0.018387 seconds
Number of updated asset objects reloaded before import = 0
Number of asset objects unloaded after import = 2
========================================================================
Received Import Request.
  Time since last request: 0.000027 seconds.
  path: Packages/org.mixedrealitytoolkit.standardassets/Icons/MRTK_FluentIconSet.ttf
  artifactKey: Guid(4929ff692260df04a9e9e226ad81984a) Importer(815301076,1909f56bfc062723c751e8b465ee728b)
Start importing Packages/org.mixedrealitytoolkit.standardassets/Icons/MRTK_FluentIconSet.ttf using Guid(4929ff692260df04a9e9e226ad81984a) Importer(815301076,1909f56bfc062723c751e8b465ee728b)  -> (artifact id: 'ad6b927b9d9d7fa82f301a6983913590') in 0.045916 seconds
Number of updated asset objects reloaded before import = 0
Number of asset objects unloaded after import = 4
========================================================================
Received Import Request.
  Time since last request: 0.625852 seconds.
  path: Packages/org.mixedrealitytoolkit.extendedassets/Audio/MRTK_Gem.wav
  artifactKey: Guid(9d2d43ccc2bcea04894322c54263fa4b) Importer(815301076,1909f56bfc062723c751e8b465ee728b)
Start importing Packages/org.mixedrealitytoolkit.extendedassets/Audio/MRTK_Gem.wav using Guid(9d2d43ccc2bcea04894322c54263fa4b) Importer(815301076,1909f56bfc062723c751e8b465ee728b)  -> (artifact id: 'c166debc15fa1a07ee869c85dd48afc2') in 0.014135 seconds
Number of updated asset objects reloaded before import = 0
Number of asset objects unloaded after import = 2
========================================================================
Received Import Request.
  Time since last request: 0.098022 seconds.
  path: Packages/org.mixedrealitytoolkit.extendedassets/Materials/MRTK_GrabPointerGrabPoint.mat
  artifactKey: Guid(688dce1dbb1f15842b9bc2f79fc81c84) Importer(815301076,1909f56bfc062723c751e8b465ee728b)
Start importing Packages/org.mixedrealitytoolkit.extendedassets/Materials/MRTK_GrabPointerGrabPoint.mat using Guid(688dce1dbb1f15842b9bc2f79fc81c84) Importer(815301076,1909f56bfc062723c751e8b465ee728b)  -> (artifact id: 'fe95cced92153f30762031816a963a7f') in 0.066856 seconds
Number of updated asset objects reloaded before import = 0
Number of asset objects unloaded after import = 1
========================================================================
Received Import Request.
  Time since last request: 0.000025 seconds.
  path: Packages/org.mixedrealitytoolkit.extendedassets/Materials/MRTK_GrabPointerTetherLine.mat
  artifactKey: Guid(8d7426afbead35b4caf90abb809ed21b) Importer(815301076,1909f56bfc062723c751e8b465ee728b)
Start importing Packages/org.mixedrealitytoolkit.extendedassets/Materials/MRTK_GrabPointerTetherLine.mat using Guid(8d7426afbead35b4caf90abb809ed21b) Importer(815301076,1909f56bfc062723c751e8b465ee728b)  -> (artifact id: '3c2eb0eb6a3c3c89bd41452df89db989') in 0.074961 seconds
Number of updated asset objects reloaded before import = 0
Number of asset objects unloaded after import = 1
========================================================================
Received Import Request.
  Time since last request: 0.156637 seconds.
  path: Packages/org.mixedrealitytoolkit.standardassets/Audio/HoloLens2/MRTK_Manipulation_End.wav
  artifactKey: Guid(9f512430eba32d845aab8de9ba5e393c) Importer(815301076,1909f56bfc062723c751e8b465ee728b)
Start importing Packages/org.mixedrealitytoolkit.standardassets/Audio/HoloLens2/MRTK_Manipulation_End.wav using Guid(9f512430eba32d845aab8de9ba5e393c) Importer(815301076,1909f56bfc062723c751e8b465ee728b)  -> (artifact id: '07b049802f2b854cf051d90415d32cad') in 0.015844 seconds
Number of updated asset objects reloaded before import = 0
Number of asset objects unloaded after import = 2
========================================================================
Received Import Request.
  Time since last request: 0.233637 seconds.
  path: Packages/org.mixedrealitytoolkit.standardassets/Materials/CompressedButtonMaterial/MRTK_ManipulationBar.mat
  artifactKey: Guid(5dce0076c4988354688550b4d0678ea9) Importer(815301076,1909f56bfc062723c751e8b465ee728b)
Start importing Packages/org.mixedrealitytoolkit.standardassets/Materials/CompressedButtonMaterial/MRTK_ManipulationBar.mat using Guid(5dce0076c4988354688550b4d0678ea9) Importer(815301076,1909f56bfc062723c751e8b465ee728b)  -> (artifact id: '9b2e89edd72004ad1bae46cfd56a2586') in 0.107376 seconds
Number of updated asset objects reloaded before import = 0
Number of asset objects unloaded after import = 1
========================================================================
Received Import Request.
  Time since last request: 0.000029 seconds.
  path: Packages/org.mixedrealitytoolkit.standardassets/Audio/HoloLens2/MRTK_Notification.wav
  artifactKey: Guid(50b629cc6a6feb0458f4b22b5c96eb91) Importer(815301076,1909f56bfc062723c751e8b465ee728b)
Start importing Packages/org.mixedrealitytoolkit.standardassets/Audio/HoloLens2/MRTK_Notification.wav using Guid(50b629cc6a6feb0458f4b22b5c96eb91) Importer(815301076,1909f56bfc062723c751e8b465ee728b)  -> (artifact id: '58f7efd4ff28b7297c5198bf91126fed') in 0.018907 seconds
Number of updated asset objects reloaded before import = 0
Number of asset objects unloaded after import = 2
========================================================================
Received Import Request.
  Time since last request: 0.000056 seconds.
  path: Packages/org.mixedrealitytoolkit.standardassets/Audio/HoloLens2/MRTK_Move_End.wav
  artifactKey: Guid(49bfc3418fff4924886a8b52a7569152) Importer(815301076,1909f56bfc062723c751e8b465ee728b)
Start importing Packages/org.mixedrealitytoolkit.standardassets/Audio/HoloLens2/MRTK_Move_End.wav using Guid(49bfc3418fff4924886a8b52a7569152) Importer(815301076,1909f56bfc062723c751e8b465ee728b)  -> (artifact id: '007b92dc7b219cd8802d52081fa54ca4') in 0.014475 seconds
Number of updated asset objects reloaded before import = 0
Number of asset objects unloaded after import = 2
========================================================================
Received Import Request.
  Time since last request: 0.477977 seconds.
  path: Packages/org.mixedrealitytoolkit.standardassets/Materials/MRTK_Occlusion_Lit.mat
  artifactKey: Guid(14db8caadc16c75468271e1a4ac9c83a) Importer(815301076,1909f56bfc062723c751e8b465ee728b)
Start importing Packages/org.mixedrealitytoolkit.standardassets/Materials/MRTK_Occlusion_Lit.mat using Guid(14db8caadc16c75468271e1a4ac9c83a) Importer(815301076,1909f56bfc062723c751e8b465ee728b)  -> (artifact id: '1534014b17d492d5075cee745469497a') in 0.024272 seconds
Number of updated asset objects reloaded before import = 0
Number of asset objects unloaded after import = 1
========================================================================
Received Import Request.
  Time since last request: 0.000029 seconds.
  path: Packages/org.mixedrealitytoolkit.extendedassets/Materials/MRTK_Outline_Blue.mat
  artifactKey: Guid(a721d00e26938d84e84fdb745fd9a77f) Importer(815301076,1909f56bfc062723c751e8b465ee728b)
Start importing Packages/org.mixedrealitytoolkit.extendedassets/Materials/MRTK_Outline_Blue.mat using Guid(a721d00e26938d84e84fdb745fd9a77f) Importer(815301076,1909f56bfc062723c751e8b465ee728b)  -> (artifact id: '416aebb98e02326298fdd3d840ddb335') in 0.089166 seconds
Number of updated asset objects reloaded before import = 0
Number of asset objects unloaded after import = 1
========================================================================
Received Import Request.
  Time since last request: 0.010937 seconds.
  path: Packages/org.mixedrealitytoolkit.extendedassets/Materials/MRTK_Outline_Reveal.mat
  artifactKey: Guid(ccd42730604a5a34698d46aa0656dda2) Importer(815301076,1909f56bfc062723c751e8b465ee728b)
Start importing Packages/org.mixedrealitytoolkit.extendedassets/Materials/MRTK_Outline_Reveal.mat using Guid(ccd42730604a5a34698d46aa0656dda2) Importer(815301076,1909f56bfc062723c751e8b465ee728b)  -> (artifact id: '9ad903b77a647dc9e449ab1ad04c74fe') in 0.103721 seconds
Number of updated asset objects reloaded before import = 0
Number of asset objects unloaded after import = 1
========================================================================
Received Import Request.
  Time since last request: 0.021392 seconds.
  path: Packages/org.mixedrealitytoolkit.input/Interactors/InteractorVisuals/MRTK_RingCursor.mat
  artifactKey: Guid(3fef20f7b17a12446bf1b31cf8f332b4) Importer(815301076,1909f56bfc062723c751e8b465ee728b)
Start importing Packages/org.mixedrealitytoolkit.input/Interactors/InteractorVisuals/MRTK_RingCursor.mat using Guid(3fef20f7b17a12446bf1b31cf8f332b4) Importer(815301076,1909f56bfc062723c751e8b465ee728b)  -> (artifact id: 'bd968072b299ebc36e7ecc264e6cd186') in 0.017510 seconds
Number of updated asset objects reloaded before import = 0
Number of asset objects unloaded after import = 1
========================================================================
Received Import Request.
  Time since last request: 0.000025 seconds.
  path: Packages/org.mixedrealitytoolkit.standardassets/Audio/HoloLens2/MRTK_Rotate_Start.wav
  artifactKey: Guid(8cf342cfdef942745bff6d0d7b750fb9) Importer(815301076,1909f56bfc062723c751e8b465ee728b)
Start importing Packages/org.mixedrealitytoolkit.standardassets/Audio/HoloLens2/MRTK_Rotate_Start.wav using Guid(8cf342cfdef942745bff6d0d7b750fb9) Importer(815301076,1909f56bfc062723c751e8b465ee728b)  -> (artifact id: '8b98c345605adedaec718ea879700293') in 0.017628 seconds
Number of updated asset objects reloaded before import = 0
Number of asset objects unloaded after import = 2
========================================================================
Received Import Request.
  Time since last request: 0.080972 seconds.
  path: Packages/org.mixedrealitytoolkit.standardassets/Audio/HoloLens2/MRTK_Scale_Start.wav
  artifactKey: Guid(035f176b1bcdd7a4d904529a96346fd1) Importer(815301076,1909f56bfc062723c751e8b465ee728b)
Start importing Packages/org.mixedrealitytoolkit.standardassets/Audio/HoloLens2/MRTK_Scale_Start.wav using Guid(035f176b1bcdd7a4d904529a96346fd1) Importer(815301076,1909f56bfc062723c751e8b465ee728b)  -> (artifact id: '0c275f486d101486ec604d6fe98c0bf5') in 0.017711 seconds
Number of updated asset objects reloaded before import = 0
Number of asset objects unloaded after import = 2
========================================================================
Received Import Request.
  Time since last request: 0.045243 seconds.
  path: Packages/org.mixedrealitytoolkit.standardassets/Audio/HoloLens2/MRTK_Select_Main.wav
  artifactKey: Guid(d6dc4c2cdecc0854c86657006920372f) Importer(815301076,1909f56bfc062723c751e8b465ee728b)
Start importing Packages/org.mixedrealitytoolkit.standardassets/Audio/HoloLens2/MRTK_Select_Main.wav using Guid(d6dc4c2cdecc0854c86657006920372f) Importer(815301076,1909f56bfc062723c751e8b465ee728b)  -> (artifact id: '009e578a5a3c12d0dcff81f36d81e79a') in 0.018124 seconds
Number of updated asset objects reloaded before import = 0
Number of asset objects unloaded after import = 2
========================================================================
Received Import Request.
  Time since last request: 0.576848 seconds.
  path: Packages/org.mixedrealitytoolkit.standardassets/Audio/HoloLens2/MRTK_Shell_Click_Init.wav
  artifactKey: Guid(1285b8566fdd22947a7e83ade04469c4) Importer(815301076,1909f56bfc062723c751e8b465ee728b)
Start importing Packages/org.mixedrealitytoolkit.standardassets/Audio/HoloLens2/MRTK_Shell_Click_Init.wav using Guid(1285b8566fdd22947a7e83ade04469c4) Importer(815301076,1909f56bfc062723c751e8b465ee728b)  -> (artifact id: '3a9855cb043176474cd1a719a7db17e6') in 0.014166 seconds
Number of updated asset objects reloaded before import = 0
Number of asset objects unloaded after import = 2
========================================================================
Received Import Request.
  Time since last request: 0.011746 seconds.
  path: Packages/org.mixedrealitytoolkit.standardassets/Audio/HoloLens2/MRTK_Slate_Touch.wav
  artifactKey: Guid(e6aaa47d01f073c408f85bad24c97528) Importer(815301076,1909f56bfc062723c751e8b465ee728b)
Start importing Packages/org.mixedrealitytoolkit.standardassets/Audio/HoloLens2/MRTK_Slate_Touch.wav using Guid(e6aaa47d01f073c408f85bad24c97528) Importer(815301076,1909f56bfc062723c751e8b465ee728b)  -> (artifact id: '5462f772040e90825d57c9af7e63096c') in 0.030202 seconds
Number of updated asset objects reloaded before import = 0
Number of asset objects unloaded after import = 2
========================================================================
Received Import Request.
  Time since last request: 0.076597 seconds.
  path: Packages/org.mixedrealitytoolkit.standardassets/Audio/HoloLens2/MRTK_Slider_Release.wav
  artifactKey: Guid(9bb44e4e04a41434082d97b1064421e1) Importer(815301076,1909f56bfc062723c751e8b465ee728b)
Start importing Packages/org.mixedrealitytoolkit.standardassets/Audio/HoloLens2/MRTK_Slider_Release.wav using Guid(9bb44e4e04a41434082d97b1064421e1) Importer(815301076,1909f56bfc062723c751e8b465ee728b)  -> (artifact id: '6feaa57836780411a65d74d5b5b2f55f') in 0.015207 seconds
Number of updated asset objects reloaded before import = 0
Number of asset objects unloaded after import = 2
========================================================================
Received Import Request.
  Time since last request: 0.039802 seconds.
  path: Packages/org.mixedrealitytoolkit.standardassets/Materials/MRTK_Standard_Black_Unlit.mat
  artifactKey: Guid(3940a7658692e0047aac8452e250f1d7) Importer(815301076,1909f56bfc062723c751e8b465ee728b)
Start importing Packages/org.mixedrealitytoolkit.standardassets/Materials/MRTK_Standard_Black_Unlit.mat using Guid(3940a7658692e0047aac8452e250f1d7) Importer(815301076,1909f56bfc062723c751e8b465ee728b)  -> (artifact id: '68a65200b2b9bfec6124a5a7db09bca0') in 0.067845 seconds
Number of updated asset objects reloaded before import = 0
Number of asset objects unloaded after import = 1
========================================================================
Received Import Request.
  Time since last request: 0.410422 seconds.
  path: Packages/org.mixedrealitytoolkit.standardassets/Materials/MRTK_Standard_Cyan.mat
  artifactKey: Guid(0c3570eeff29ef44e9fed596a4cc3ffd) Importer(815301076,1909f56bfc062723c751e8b465ee728b)
Start importing Packages/org.mixedrealitytoolkit.standardassets/Materials/MRTK_Standard_Cyan.mat using Guid(0c3570eeff29ef44e9fed596a4cc3ffd) Importer(815301076,1909f56bfc062723c751e8b465ee728b)  -> (artifact id: '095cc999f6153c7653796dcbef5d429f') in 0.138504 seconds
Number of updated asset objects reloaded before import = 0
Number of asset objects unloaded after import = 1
========================================================================
Received Import Request.
  Time since last request: 0.000026 seconds.
  path: Packages/org.mixedrealitytoolkit.standardassets/Materials/MRTK_Standard_Orange.mat
  artifactKey: Guid(b1ac50d5d67970a49a49c29519977b61) Importer(815301076,1909f56bfc062723c751e8b465ee728b)
Start importing Packages/org.mixedrealitytoolkit.standardassets/Materials/MRTK_Standard_Orange.mat using Guid(b1ac50d5d67970a49a49c29519977b61) Importer(815301076,1909f56bfc062723c751e8b465ee728b)  -> (artifact id: '54cf579dfb0c79c7aebf998aaa354cdb') in 0.018049 seconds
Number of updated asset objects reloaded before import = 0
Number of asset objects unloaded after import = 1
========================================================================
Received Import Request.
  Time since last request: 0.000036 seconds.
  path: Packages/org.mixedrealitytoolkit.standardassets/Materials/MRTK_Standard_Magenta.mat
  artifactKey: Guid(e0c5ea249ae97a443bf9e5e7ad530a7f) Importer(815301076,1909f56bfc062723c751e8b465ee728b)
Start importing Packages/org.mixedrealitytoolkit.standardassets/Materials/MRTK_Standard_Magenta.mat using Guid(e0c5ea249ae97a443bf9e5e7ad530a7f) Importer(815301076,1909f56bfc062723c751e8b465ee728b)  -> (artifact id: '1c2cf4d67c3b0cb2c95493dba1f0a3d4') in 0.016244 seconds
Number of updated asset objects reloaded before import = 0
Number of asset objects unloaded after import = 1
========================================================================
Received Import Request.
  Time since last request: 0.000031 seconds.
  path: Packages/org.mixedrealitytoolkit.standardassets/Materials/MRTK_Standard_Pink.mat
  artifactKey: Guid(14ec1faa895414743b19ed4d59bb6fb0) Importer(815301076,1909f56bfc062723c751e8b465ee728b)
Start importing Packages/org.mixedrealitytoolkit.standardassets/Materials/MRTK_Standard_Pink.mat using Guid(14ec1faa895414743b19ed4d59bb6fb0) Importer(815301076,1909f56bfc062723c751e8b465ee728b)  -> (artifact id: '429c265f86dc57b388c138ea208ed966') in 0.024648 seconds
Number of updated asset objects reloaded before import = 0
Number of asset objects unloaded after import = 1
========================================================================
Received Import Request.
  Time since last request: 0.000046 seconds.
  path: Packages/org.mixedrealitytoolkit.standardassets/Materials/MRTK_Standard_Red.mat
  artifactKey: Guid(db61b94b23e5fb444b86c231d13e46ef) Importer(815301076,1909f56bfc062723c751e8b465ee728b)
Start importing Packages/org.mixedrealitytoolkit.standardassets/Materials/MRTK_Standard_Red.mat using Guid(db61b94b23e5fb444b86c231d13e46ef) Importer(815301076,1909f56bfc062723c751e8b465ee728b)  -> (artifact id: 'e75fbd688d586b6178a41e48d358ad20') in 0.020741 seconds
Number of updated asset objects reloaded before import = 0
Number of asset objects unloaded after import = 1
========================================================================
Received Import Request.
  Time since last request: 0.469995 seconds.
  path: Packages/org.mixedrealitytoolkit.standardassets/Materials/MRTK_Standard_TransparentCharcoal.mat
  artifactKey: Guid(a2b79cfb132e1124a9b6d8fc05d52077) Importer(815301076,1909f56bfc062723c751e8b465ee728b)
Start importing Packages/org.mixedrealitytoolkit.standardassets/Materials/MRTK_Standard_TransparentCharcoal.mat using Guid(a2b79cfb132e1124a9b6d8fc05d52077) Importer(815301076,1909f56bfc062723c751e8b465ee728b)  -> (artifact id: '4ca3d6df623afc15023858cae8cfa9ca') in 0.085553 seconds
Number of updated asset objects reloaded before import = 0
Number of asset objects unloaded after import = 1
========================================================================
Received Import Request.
  Time since last request: 0.000028 seconds.
  path: Packages/org.mixedrealitytoolkit.standardassets/Materials/MRTK_Standard_TransparentGray.mat
  artifactKey: Guid(2ed2a08f656c2e740b3e821aed9cc815) Importer(815301076,1909f56bfc062723c751e8b465ee728b)
Start importing Packages/org.mixedrealitytoolkit.standardassets/Materials/MRTK_Standard_TransparentGray.mat using Guid(2ed2a08f656c2e740b3e821aed9cc815) Importer(815301076,1909f56bfc062723c751e8b465ee728b)  -> (artifact id: 'b74aac7d49a6424a7f14e5480f7facd9') in 0.016608 seconds
Number of updated asset objects reloaded before import = 0
Number of asset objects unloaded after import = 1
========================================================================
Received Import Request.
  Time since last request: 0.000035 seconds.
  path: Packages/org.mixedrealitytoolkit.standardassets/Materials/MRTK_Standard_TransparentGreen.mat
  artifactKey: Guid(2cbb7352bd5b9c645909238604e0463f) Importer(815301076,1909f56bfc062723c751e8b465ee728b)
Start importing Packages/org.mixedrealitytoolkit.standardassets/Materials/MRTK_Standard_TransparentGreen.mat using Guid(2cbb7352bd5b9c645909238604e0463f) Importer(815301076,1909f56bfc062723c751e8b465ee728b)  -> (artifact id: '6c4b58867085ecee6fd5109a631b62f6') in 0.019640 seconds
Number of updated asset objects reloaded before import = 0
Number of asset objects unloaded after import = 1
========================================================================
Received Import Request.
  Time since last request: 0.000023 seconds.
  path: Packages/org.mixedrealitytoolkit.standardassets/Materials/MRTK_Standard_TransparentMagenta.mat
  artifactKey: Guid(9a4fdf6e12df92f438b4f90e7bc9fce1) Importer(815301076,1909f56bfc062723c751e8b465ee728b)
Start importing Packages/org.mixedrealitytoolkit.standardassets/Materials/MRTK_Standard_TransparentMagenta.mat using Guid(9a4fdf6e12df92f438b4f90e7bc9fce1) Importer(815301076,1909f56bfc062723c751e8b465ee728b)  -> (artifact id: '83715527792900205b787b79cfa1c2b5') in 0.016213 seconds
Number of updated asset objects reloaded before import = 0
Number of asset objects unloaded after import = 1
========================================================================
Received Import Request.
  Time since last request: 0.000025 seconds.
  path: Packages/org.mixedrealitytoolkit.standardassets/Materials/MRTK_Standard_TransparentPink.mat
  artifactKey: Guid(57820e4c4a5af4242a415d523e56768b) Importer(815301076,1909f56bfc062723c751e8b465ee728b)
Start importing Packages/org.mixedrealitytoolkit.standardassets/Materials/MRTK_Standard_TransparentPink.mat using Guid(57820e4c4a5af4242a415d523e56768b) Importer(815301076,1909f56bfc062723c751e8b465ee728b)  -> (artifact id: 'deb0c41ad4add469d20421e6b690bd27') in 0.017383 seconds
Number of updated asset objects reloaded before import = 0
Number of asset objects unloaded after import = 1
========================================================================
Received Import Request.
  Time since last request: 0.000042 seconds.
  path: Packages/org.mixedrealitytoolkit.standardassets/Materials/MRTK_Standard_TransparentRed.mat
  artifactKey: Guid(b1064f1a1c822b9458273217619a7e33) Importer(815301076,1909f56bfc062723c751e8b465ee728b)
Start importing Packages/org.mixedrealitytoolkit.standardassets/Materials/MRTK_Standard_TransparentRed.mat using Guid(b1064f1a1c822b9458273217619a7e33) Importer(815301076,1909f56bfc062723c751e8b465ee728b)  -> (artifact id: 'e7abd8ee1594c9f9a945f4a0b2054640') in 0.018371 seconds
Number of updated asset objects reloaded before import = 0
Number of asset objects unloaded after import = 1
========================================================================
Received Import Request.
  Time since last request: 0.000026 seconds.
  path: Packages/org.mixedrealitytoolkit.standardassets/Materials/MRTK_Standard_TransparentLightGray.mat
  artifactKey: Guid(b6229e63d9c541c41b58ca02d65446d7) Importer(815301076,1909f56bfc062723c751e8b465ee728b)
Start importing Packages/org.mixedrealitytoolkit.standardassets/Materials/MRTK_Standard_TransparentLightGray.mat using Guid(b6229e63d9c541c41b58ca02d65446d7) Importer(815301076,1909f56bfc062723c751e8b465ee728b)  -> (artifact id: '90ce8940158ee63b43cdb5d2a1fc0411') in 0.019385 seconds
Number of updated asset objects reloaded before import = 0
Number of asset objects unloaded after import = 1
========================================================================
Received Import Request.
  Time since last request: 0.176921 seconds.
  path: Packages/org.mixedrealitytoolkit.standardassets/Materials/MRTK_Standard_White.mat
  artifactKey: Guid(f62f188dc6a5f55458ac47e93b3951f4) Importer(815301076,1909f56bfc062723c751e8b465ee728b)
Start importing Packages/org.mixedrealitytoolkit.standardassets/Materials/MRTK_Standard_White.mat using Guid(f62f188dc6a5f55458ac47e93b3951f4) Importer(815301076,1909f56bfc062723c751e8b465ee728b)  -> (artifact id: '96309737c1a57ca245b4bec7bee6fb2b') in 0.018667 seconds
Number of updated asset objects reloaded before import = 0
Number of asset objects unloaded after import = 1
========================================================================
Received Import Request.
  Time since last request: 0.047119 seconds.
  path: Packages/org.mixedrealitytoolkit.uxcomponents.noncanvas/Experimental/Theming/Profiles/MRTK_UX_BindingProfile.asset
  artifactKey: Guid(c2554c7933796464c965ae0c4acf9561) Importer(815301076,1909f56bfc062723c751e8b465ee728b)
Start importing Packages/org.mixedrealitytoolkit.uxcomponents.noncanvas/Experimental/Theming/Profiles/MRTK_UX_BindingProfile.asset using Guid(c2554c7933796464c965ae0c4acf9561) Importer(815301076,1909f56bfc062723c751e8b465ee728b)  -> (artifact id: '396c37f3656bcc2b1fb614340c14ec1f') in 0.002125 seconds
Number of updated asset objects reloaded before import = 0
Number of asset objects unloaded after import = 1
========================================================================
Received Import Request.
  Time since last request: 0.037979 seconds.
  path: Packages/org.mixedrealitytoolkit.standardassets/Materials/MRTK_Wireframe.mat
  artifactKey: Guid(cc4003c154cbfc143ba940ab998da5ff) Importer(815301076,1909f56bfc062723c751e8b465ee728b)
Start importing Packages/org.mixedrealitytoolkit.standardassets/Materials/MRTK_Wireframe.mat using Guid(cc4003c154cbfc143ba940ab998da5ff) Importer(815301076,1909f56bfc062723c751e8b465ee728b)  -> (artifact id: 'c3874c63804c057ffb56804b3815e632') in 0.116237 seconds
Number of updated asset objects reloaded before import = 0
Number of asset objects unloaded after import = 1
========================================================================
Received Import Request.
  Time since last request: 1.826152 seconds.
  path: Packages/org.mixedrealitytoolkit.windowsspeech/Assets/Default Configs/MRTKWinTextToSpeechConfig.asset
  artifactKey: Guid(ec06601741075d94188888a307e8ebd7) Importer(815301076,1909f56bfc062723c751e8b465ee728b)
Start importing Packages/org.mixedrealitytoolkit.windowsspeech/Assets/Default Configs/MRTKWinTextToSpeechConfig.asset using Guid(ec06601741075d94188888a307e8ebd7) Importer(815301076,1909f56bfc062723c751e8b465ee728b)  -> (artifact id: '5d1559642bea3eb52141d1fe53ba6826') in 0.040917 seconds
Number of updated asset objects reloaded before import = 0
Number of asset objects unloaded after import = 1
========================================================================
Received Import Request.
  Time since last request: 33.379847 seconds.
  path: Packages/org.mixedrealitytoolkit.uxcomponents.noncanvas/Button/32x32/PressableButton_32x32mm_IconAndText_InnerQuadOnly.prefab
  artifactKey: Guid(e5b53b02ddc453d49a3a36a85164095f) Importer(815301076,1909f56bfc062723c751e8b465ee728b)
Start importing Packages/org.mixedrealitytoolkit.uxcomponents.noncanvas/Button/32x32/PressableButton_32x32mm_IconAndText_InnerQuadOnly.prefab using Guid(e5b53b02ddc453d49a3a36a85164095f) Importer(815301076,1909f56bfc062723c751e8b465ee728b)  -> (artifact id: '591f8858ddbbaff3221031384f925443') in 0.159641 seconds
Number of updated asset objects reloaded before import = 0
Number of asset objects unloaded after import = 423
========================================================================
Received Import Request.
  Time since last request: 0.000034 seconds.
  path: Packages/org.mixedrealitytoolkit.uxcomponents.noncanvas/Button/32x32/PressableButton_32x32mm_IconOnly.prefab
  artifactKey: Guid(cd0f0697f0939504389ec612388f609a) Importer(815301076,1909f56bfc062723c751e8b465ee728b)
Start importing Packages/org.mixedrealitytoolkit.uxcomponents.noncanvas/Button/32x32/PressableButton_32x32mm_IconOnly.prefab using Guid(cd0f0697f0939504389ec612388f609a) Importer(815301076,1909f56bfc062723c751e8b465ee728b)  -> (artifact id: '85dd180ed1f1e2077c04a16c8225555c') in 0.086319 seconds
Number of updated asset objects reloaded before import = 0
Number of asset objects unloaded after import = 255
Editor requested this worker to shutdown with reason: Scaling down because of idle timeout
TcpMessagingSession - receive error: operation aborted. errorcode: 995, details: La operación de E/S se anuló por una salida de subproceso o por una solicitud de aplicación.
AssetImportWorker is now disconnected from the server
Process exiting
Exiting without the bug reporter. Application will terminate with return code 0